<?xml version="1.0" encoding="UTF-8"?>
<testng-results ignored="0" total="1" passed="1" failed="0" skipped="0">
  <reporter-output>
  </reporter-output>
  <suite started-at="2022-10-28T22:26:20Z" name="e_banking_V1" finished-at="2022-10-28T22:26:43Z" duration-ms="23176">
    <groups>
    </groups>
    <test started-at="2022-10-28T22:26:20Z" name="Default test" finished-at="2022-10-28T22:26:43Z" duration-ms="23176">
      <class name="com.e_banking.testCases.TC_AddCustomerTest_003">
        <test-method is-config="true" signature="setup(java.lang.String)[pri:0, instance:com.e_banking.testCases.TC_AddCustomerTest_003@59cba5a]" started-at="2022-10-28T22:26:20Z" name="setup" finished-at="2022-10-28T22:26:22Z" duration-ms="2377" status="PASS">
          <params>
            <param index="0">
              <value>
                <![CDATA[chrome]]>
              </value>
            </param>
          </params>
          <reporter-output>
          </reporter-output>
        </test-method> <!-- setup -->
        <test-method signature="addNewCustomer()[pri:0, instance:com.e_banking.testCases.TC_AddCustomerTest_003@59cba5a]" started-at="2022-10-28T22:26:22Z" name="addNewCustomer" finished-at="2022-10-28T22:26:43Z" duration-ms="20469" status="PASS">
          <reporter-output>
          </reporter-output>
        </test-method> <!-- addNewCustomer -->
        <test-method is-config="true" signature="tearDown()[pri:0, instance:com.e_banking.testCases.TC_AddCustomerTest_003@59cba5a]" started-at="2022-10-28T22:26:43Z" name="tearDown" finished-at="2022-10-28T22:26:43Z" duration-ms="118" status="PASS">
          <reporter-output>
          </reporter-output>
        </test-method> <!-- tearDown -->
      </class> <!-- com.e_banking.testCases.TC_AddCustomerTest_003 -->
    </test> <!-- Default test -->
  </suite> <!-- e_banking_V1 -->
</testng-results>
